Started GET "/" for 127.0.0.1 at 2017-04-15 23:14:31 +0200
Processing by Rails::WelcomeController#index as HTML
  Parameters: {"internal"=>true}
  Rendering /usr/local/lib/ruby/gems/2.3.0/gems/railties-5.0.2/lib/rails/templates/rails/welcome/index.html.erb
  Rendered /usr/local/lib/ruby/gems/2.3.0/gems/railties-5.0.2/lib/rails/templates/rails/welcome/index.html.erb (3.0ms)
Completed 200 OK in 58ms (Views: 7.3ms | ActiveRecord: 0.0ms)


Started GET "/" for 127.0.0.1 at 2017-04-15 23:14:32 +0200
Processing by Rails::WelcomeController#index as HTML
  Parameters: {"internal"=>true}
  Rendering /usr/local/lib/ruby/gems/2.3.0/gems/railties-5.0.2/lib/rails/templates/rails/welcome/index.html.erb
  Rendered /usr/local/lib/ruby/gems/2.3.0/gems/railties-5.0.2/lib/rails/templates/rails/welcome/index.html.erb (2.7ms)
Completed 200 OK in 5ms (Views: 4.0ms | ActiveRecord: 0.0ms)


  [1m[35m (14.1ms)[0m  [1m[35mCREATE TABLE "schema_migrations" ("version" varchar NOT NULL PRIMARY KEY)[0m
  [1m[35m (10.1ms)[0m  [1m[35mCREATE TABLE "ar_internal_metadata" ("key" varchar NOT NULL PRIMARY KEY, "value" varchar, "created_at" datetime NOT NULL, "updated_at" datetime NOT NULL)[0m
  [1m[36mActiveRecord::SchemaMigration Load (0.1ms)[0m  [1m[34mSELECT "schema_migrations".* FROM "schema_migrations"[0m
Migrating to DeviseCreateUsers (20170416161702)
  [1m[35m (0.1ms)[0m  [1m[36mbegin transaction[0m
  [1m[35m (0.3ms)[0m  [1m[35mCREATE TABLE "users" ("id" INTEGER PRIMARY KEY AUTOINCREMENT NOT NULL, "email" varchar DEFAULT '' NOT NULL, "encrypted_password" varchar DEFAULT '' NOT NULL, "reset_password_token" varchar, "reset_password_sent_at" datetime, "remember_created_at" datetime, "sign_in_count" integer DEFAULT 0 NOT NULL, "current_sign_in_at" datetime, "last_sign_in_at" datetime, "current_sign_in_ip" varchar, "last_sign_in_ip" varchar, "created_at" datetime NOT NULL, "updated_at" datetime NOT NULL)[0m
  [1m[35m (0.1ms)[0m  [1m[34mselect sqlite_version(*)[0m
  [1m[35m (0.2ms)[0m  [1m[35mCREATE UNIQUE INDEX "index_users_on_email" ON "users" ("email")[0m
  [1m[35m (0.1ms)[0m  [1m[34m            SELECT sql
            FROM sqlite_master
            WHERE name='index_users_on_email' AND type='index'
            UNION ALL
            SELECT sql
            FROM sqlite_temp_master
            WHERE name='index_users_on_email' AND type='index'
[0m
  [1m[35m (0.1ms)[0m  [1m[35mCREATE UNIQUE INDEX "index_users_on_reset_password_token" ON "users" ("reset_password_token")[0m
  [1m[35mSQL (0.1ms)[0m  [1m[32mINSERT INTO "schema_migrations" ("version") VALUES (?)[0m  [["version", "20170416161702"]]
  [1m[35m (12.2ms)[0m  [1m[36mcommit transaction[0m
  [1m[36mActiveRecord::InternalMetadata Load (0.1ms)[0m  [1m[34mSELECT  "ar_internal_metadata".* FROM "ar_internal_metadata" WHERE "ar_internal_metadata"."key" = ? LIMIT ?[0m  [["key", :environment], ["LIMIT", 1]]
  [1m[35m (0.1ms)[0m  [1m[36mbegin transaction[0m
  [1m[35mSQL (0.2ms)[0m  [1m[32mINSERT INTO "ar_internal_metadata" ("key", "value", "created_at", "updated_at") VALUES (?, ?, ?, ?)[0m  [["key", "environment"], ["value", "development"], ["created_at", 2017-04-16 16:17:45 UTC], ["updated_at", 2017-04-16 16:17:45 UTC]]
  [1m[35m (8.9ms)[0m  [1m[36mcommit transaction[0m
  [1m[36mActiveRecord::SchemaMigration Load (0.1ms)[0m  [1m[34mSELECT "schema_migrations".* FROM "schema_migrations"[0m
  [1m[35m (0.1ms)[0m  [1m[34m            SELECT sql
            FROM sqlite_master
            WHERE name='index_users_on_reset_password_token' AND type='index'
            UNION ALL
            SELECT sql
            FROM sqlite_temp_master
            WHERE name='index_users_on_reset_password_token' AND type='index'
[0m
  [1m[35m (0.1ms)[0m  [1m[34m            SELECT sql
            FROM sqlite_master
            WHERE name='index_users_on_email' AND type='index'
            UNION ALL
            SELECT sql
            FROM sqlite_temp_master
            WHERE name='index_users_on_email' AND type='index'
[0m
Started GET "/" for 127.0.0.1 at 2017-04-16 18:18:18 +0200
  [1m[36mActiveRecord::SchemaMigration Load (0.1ms)[0m  [1m[34mSELECT "schema_migrations".* FROM "schema_migrations"[0m
Processing by Rails::WelcomeController#index as HTML
  Parameters: {"internal"=>true}
  Rendering /usr/local/lib/ruby/gems/2.3.0/gems/railties-5.0.2/lib/rails/templates/rails/welcome/index.html.erb
  Rendered /usr/local/lib/ruby/gems/2.3.0/gems/railties-5.0.2/lib/rails/templates/rails/welcome/index.html.erb (3.1ms)
Completed 200 OK in 42ms (Views: 8.0ms | ActiveRecord: 0.0ms)


Started GET "/" for 127.0.0.1 at 2017-04-16 18:18:19 +0200
Processing by Rails::WelcomeController#index as HTML
  Parameters: {"internal"=>true}
  Rendering /usr/local/lib/ruby/gems/2.3.0/gems/railties-5.0.2/lib/rails/templates/rails/welcome/index.html.erb
  Rendered /usr/local/lib/ruby/gems/2.3.0/gems/railties-5.0.2/lib/rails/templates/rails/welcome/index.html.erb (2.5ms)
Completed 200 OK in 4ms (Views: 3.4ms | ActiveRecord: 0.0ms)


Started GET "/" for 127.0.0.1 at 2017-04-16 18:18:20 +0200
Processing by Rails::WelcomeController#index as HTML
  Parameters: {"internal"=>true}
  Rendering /usr/local/lib/ruby/gems/2.3.0/gems/railties-5.0.2/lib/rails/templates/rails/welcome/index.html.erb
  Rendered /usr/local/lib/ruby/gems/2.3.0/gems/railties-5.0.2/lib/rails/templates/rails/welcome/index.html.erb (2.0ms)
Completed 200 OK in 4ms (Views: 2.9ms | ActiveRecord: 0.0ms)


Started GET "/users/sign_up" for 127.0.0.1 at 2017-04-16 18:18:24 +0200
Processing by Devise::RegistrationsController#new as HTML
  Rendering /usr/local/lib/ruby/gems/2.3.0/gems/devise-4.2.1/app/views/devise/registrations/new.html.erb within layouts/application
  Rendered /usr/local/lib/ruby/gems/2.3.0/gems/devise-4.2.1/app/views/devise/shared/_links.html.erb (1.2ms)
  Rendered /usr/local/lib/ruby/gems/2.3.0/gems/devise-4.2.1/app/views/devise/registrations/new.html.erb within layouts/application (134.5ms)
Completed 200 OK in 562ms (Views: 551.5ms | ActiveRecord: 0.5ms)


Started GET "/users/sign_up" for 127.0.0.1 at 2017-04-16 18:21:12 +0200
Processing by Devise::RegistrationsController#new as HTML
  Rendering /usr/local/lib/ruby/gems/2.3.0/gems/devise-4.2.1/app/views/devise/registrations/new.html.erb within layouts/application
  Rendered /usr/local/lib/ruby/gems/2.3.0/gems/devise-4.2.1/app/views/devise/shared/_links.html.erb (1.9ms)
  Rendered /usr/local/lib/ruby/gems/2.3.0/gems/devise-4.2.1/app/views/devise/registrations/new.html.erb within layouts/application (7.6ms)
Completed 500 Internal Server Error in 32ms (ActiveRecord: 0.0ms)


  
ActionView::Template::Error (couldn't find file 'bootstrap-sprockets' with type 'application/javascript'
Checked in these paths: 
  /home/zoneman/Code/kindergarden/Instadejs/app/assets/config
  /home/zoneman/Code/kindergarden/Instadejs/app/assets/images
  /home/zoneman/Code/kindergarden/Instadejs/app/assets/javascripts
  /home/zoneman/Code/kindergarden/Instadejs/app/assets/stylesheets
  /home/zoneman/Code/kindergarden/Instadejs/vendor/assets/javascripts
  /home/zoneman/Code/kindergarden/Instadejs/vendor/assets/stylesheets
  /usr/local/lib/ruby/gems/2.3.0/gems/jquery-rails-4.3.1/vendor/assets/javascripts
  /usr/local/lib/ruby/gems/2.3.0/gems/coffee-rails-4.2.1/lib/assets/javascripts
  /usr/local/lib/ruby/gems/2.3.0/gems/actioncable-5.0.2/lib/assets/compiled
  /usr/local/lib/ruby/gems/2.3.0/gems/turbolinks-source-5.0.0/lib/assets/javascripts):
     5:     <%= csrf_meta_tags %>
     6: 
     7:     <%= stylesheet_link_tag    'application', media: 'all', 'data-turbolinks-track': 'reload' %>
     8:     <%= javascript_include_tag 'application', 'data-turbolinks-track': 'reload' %>
     9:   </head>
    10: 
    11:   <body>
  
app/assets/javascripts/application.js:15
app/views/layouts/application.html.erb:8:in `_app_views_layouts_application_html_erb__2732650969768211397_47120929668380'
  Rendering /usr/local/lib/ruby/gems/2.3.0/gems/actionpack-5.0.2/lib/action_dispatch/middleware/templates/rescues/template_error.html.erb within rescues/layout
  Rendering /usr/local/lib/ruby/gems/2.3.0/gems/actionpack-5.0.2/lib/action_dispatch/middleware/templates/rescues/_source.html.erb
  Rendered /usr/local/lib/ruby/gems/2.3.0/gems/actionpack-5.0.2/lib/action_dispatch/middleware/templates/rescues/_source.html.erb (4.3ms)
  Rendering /usr/local/lib/ruby/gems/2.3.0/gems/actionpack-5.0.2/lib/action_dispatch/middleware/templates/rescues/_trace.html.erb
  Rendered /usr/local/lib/ruby/gems/2.3.0/gems/actionpack-5.0.2/lib/action_dispatch/middleware/templates/rescues/_trace.html.erb (1.6ms)
  Rendering /usr/local/lib/ruby/gems/2.3.0/gems/actionpack-5.0.2/lib/action_dispatch/middleware/templates/rescues/_request_and_response.html.erb
  Rendered /usr/local/lib/ruby/gems/2.3.0/gems/actionpack-5.0.2/lib/action_dispatch/middleware/templates/rescues/_request_and_response.html.erb (0.6ms)
  Rendered /usr/local/lib/ruby/gems/2.3.0/gems/actionpack-5.0.2/lib/action_dispatch/middleware/templates/rescues/template_error.html.erb within rescues/layout (20.8ms)
Started GET "/users/sign_up" for 127.0.0.1 at 2017-04-16 18:21:13 +0200
Processing by Devise::RegistrationsController#new as HTML
  Rendering /usr/local/lib/ruby/gems/2.3.0/gems/devise-4.2.1/app/views/devise/registrations/new.html.erb within layouts/application
  Rendered /usr/local/lib/ruby/gems/2.3.0/gems/devise-4.2.1/app/views/devise/shared/_links.html.erb (0.7ms)
  Rendered /usr/local/lib/ruby/gems/2.3.0/gems/devise-4.2.1/app/views/devise/registrations/new.html.erb within layouts/application (3.1ms)
Completed 500 Internal Server Error in 10ms (ActiveRecord: 0.0ms)


  
ActionView::Template::Error (couldn't find file 'bootstrap-sprockets' with type 'application/javascript'
Checked in these paths: 
  /home/zoneman/Code/kindergarden/Instadejs/app/assets/config
  /home/zoneman/Code/kindergarden/Instadejs/app/assets/images
  /home/zoneman/Code/kindergarden/Instadejs/app/assets/javascripts
  /home/zoneman/Code/kindergarden/Instadejs/app/assets/stylesheets
  /home/zoneman/Code/kindergarden/Instadejs/vendor/assets/javascripts
  /home/zoneman/Code/kindergarden/Instadejs/vendor/assets/stylesheets
  /usr/local/lib/ruby/gems/2.3.0/gems/jquery-rails-4.3.1/vendor/assets/javascripts
  /usr/local/lib/ruby/gems/2.3.0/gems/coffee-rails-4.2.1/lib/assets/javascripts
  /usr/local/lib/ruby/gems/2.3.0/gems/actioncable-5.0.2/lib/assets/compiled
  /usr/local/lib/ruby/gems/2.3.0/gems/turbolinks-source-5.0.0/lib/assets/javascripts):
     5:     <%= csrf_meta_tags %>
     6: 
     7:     <%= stylesheet_link_tag    'application', media: 'all', 'data-turbolinks-track': 'reload' %>
     8:     <%= javascript_include_tag 'application', 'data-turbolinks-track': 'reload' %>
     9:   </head>
    10: 
    11:   <body>
  
app/assets/javascripts/application.js:15
app/views/layouts/application.html.erb:8:in `_app_views_layouts_application_html_erb__2732650969768211397_70201243142680'
  Rendering /usr/local/lib/ruby/gems/2.3.0/gems/actionpack-5.0.2/lib/action_dispatch/middleware/templates/rescues/template_error.html.erb within rescues/layout
  Rendering /usr/local/lib/ruby/gems/2.3.0/gems/actionpack-5.0.2/lib/action_dispatch/middleware/templates/rescues/_source.html.erb
  Rendered /usr/local/lib/ruby/gems/2.3.0/gems/actionpack-5.0.2/lib/action_dispatch/middleware/templates/rescues/_source.html.erb (3.5ms)
  Rendering /usr/local/lib/ruby/gems/2.3.0/gems/actionpack-5.0.2/lib/action_dispatch/middleware/templates/rescues/_trace.html.erb
  Rendered /usr/local/lib/ruby/gems/2.3.0/gems/actionpack-5.0.2/lib/action_dispatch/middleware/templates/rescues/_trace.html.erb (1.5ms)
  Rendering /usr/local/lib/ruby/gems/2.3.0/gems/actionpack-5.0.2/lib/action_dispatch/middleware/templates/rescues/_request_and_response.html.erb
  Rendered /usr/local/lib/ruby/gems/2.3.0/gems/actionpack-5.0.2/lib/action_dispatch/middleware/templates/rescues/_request_and_response.html.erb (0.8ms)
  Rendered /usr/local/lib/ruby/gems/2.3.0/gems/actionpack-5.0.2/lib/action_dispatch/middleware/templates/rescues/template_error.html.erb within rescues/layout (16.8ms)
Started GET "/users/sign_up" for 127.0.0.1 at 2017-04-16 18:21:19 +0200
Processing by Devise::RegistrationsController#new as HTML
  Rendering /usr/local/lib/ruby/gems/2.3.0/gems/devise-4.2.1/app/views/devise/registrations/new.html.erb within layouts/application
  Rendered /usr/local/lib/ruby/gems/2.3.0/gems/devise-4.2.1/app/views/devise/shared/_links.html.erb (0.6ms)
  Rendered /usr/local/lib/ruby/gems/2.3.0/gems/devise-4.2.1/app/views/devise/registrations/new.html.erb within layouts/application (2.9ms)
Completed 500 Internal Server Error in 10ms (ActiveRecord: 0.0ms)


  
ActionView::Template::Error (couldn't find file 'bootstrap-sprockets' with type 'application/javascript'
Checked in these paths: 
  /home/zoneman/Code/kindergarden/Instadejs/app/assets/config
  /home/zoneman/Code/kindergarden/Instadejs/app/assets/images
  /home/zoneman/Code/kindergarden/Instadejs/app/assets/javascripts
  /home/zoneman/Code/kindergarden/Instadejs/app/assets/stylesheets
  /home/zoneman/Code/kindergarden/Instadejs/vendor/assets/javascripts
  /home/zoneman/Code/kindergarden/Instadejs/vendor/assets/stylesheets
  /usr/local/lib/ruby/gems/2.3.0/gems/jquery-rails-4.3.1/vendor/assets/javascripts
  /usr/local/lib/ruby/gems/2.3.0/gems/coffee-rails-4.2.1/lib/assets/javascripts
  /usr/local/lib/ruby/gems/2.3.0/gems/actioncable-5.0.2/lib/assets/compiled
  /usr/local/lib/ruby/gems/2.3.0/gems/turbolinks-source-5.0.0/lib/assets/javascripts):
     5:     <%= csrf_meta_tags %>
     6: 
     7:     <%= stylesheet_link_tag    'application', media: 'all', 'data-turbolinks-track': 'reload' %>
     8:     <%= javascript_include_tag 'application', 'data-turbolinks-track': 'reload' %>
     9:   </head>
    10: 
    11:   <body>
  
app/assets/javascripts/application.js:15
app/views/layouts/application.html.erb:8:in `_app_views_layouts_application_html_erb__2732650969768211397_47120941128180'
  Rendering /usr/local/lib/ruby/gems/2.3.0/gems/actionpack-5.0.2/lib/action_dispatch/middleware/templates/rescues/template_error.html.erb within rescues/layout
  Rendering /usr/local/lib/ruby/gems/2.3.0/gems/actionpack-5.0.2/lib/action_dispatch/middleware/templates/rescues/_source.html.erb
  Rendered /usr/local/lib/ruby/gems/2.3.0/gems/actionpack-5.0.2/lib/action_dispatch/middleware/templates/rescues/_source.html.erb (3.6ms)
  Rendering /usr/local/lib/ruby/gems/2.3.0/gems/actionpack-5.0.2/lib/action_dispatch/middleware/templates/rescues/_trace.html.erb
  Rendered /usr/local/lib/ruby/gems/2.3.0/gems/actionpack-5.0.2/lib/action_dispatch/middleware/templates/rescues/_trace.html.erb (1.5ms)
  Rendering /usr/local/lib/ruby/gems/2.3.0/gems/actionpack-5.0.2/lib/action_dispatch/middleware/templates/rescues/_request_and_response.html.erb
  Rendered /usr/local/lib/ruby/gems/2.3.0/gems/actionpack-5.0.2/lib/action_dispatch/middleware/templates/rescues/_request_and_response.html.erb (0.5ms)
  Rendered /usr/local/lib/ruby/gems/2.3.0/gems/actionpack-5.0.2/lib/action_dispatch/middleware/templates/rescues/template_error.html.erb within rescues/layout (16.1ms)
Started GET "/users/sign_up" for 127.0.0.1 at 2017-04-16 18:21:44 +0200
Processing by Devise::RegistrationsController#new as HTML
  Rendering /usr/local/lib/ruby/gems/2.3.0/gems/devise-4.2.1/app/views/devise/registrations/new.html.erb within layouts/application
  Rendered /usr/local/lib/ruby/gems/2.3.0/gems/devise-4.2.1/app/views/devise/shared/_links.html.erb (0.8ms)
  Rendered /usr/local/lib/ruby/gems/2.3.0/gems/devise-4.2.1/app/views/devise/registrations/new.html.erb within layouts/application (3.2ms)
Completed 500 Internal Server Error in 12ms (ActiveRecord: 0.0ms)


  
ActionView::Template::Error (couldn't find file 'bootstrap-sprockets' with type 'application/javascript'
Checked in these paths: 
  /home/zoneman/Code/kindergarden/Instadejs/app/assets/config
  /home/zoneman/Code/kindergarden/Instadejs/app/assets/images
  /home/zoneman/Code/kindergarden/Instadejs/app/assets/javascripts
  /home/zoneman/Code/kindergarden/Instadejs/app/assets/stylesheets
  /home/zoneman/Code/kindergarden/Instadejs/vendor/assets/javascripts
  /home/zoneman/Code/kindergarden/Instadejs/vendor/assets/stylesheets
  /usr/local/lib/ruby/gems/2.3.0/gems/jquery-rails-4.3.1/vendor/assets/javascripts
  /usr/local/lib/ruby/gems/2.3.0/gems/coffee-rails-4.2.1/lib/assets/javascripts
  /usr/local/lib/ruby/gems/2.3.0/gems/actioncable-5.0.2/lib/assets/compiled
  /usr/local/lib/ruby/gems/2.3.0/gems/turbolinks-source-5.0.0/lib/assets/javascripts):
     5:     <%= csrf_meta_tags %>
     6: 
     7:     <%= stylesheet_link_tag    'application', media: 'all', 'data-turbolinks-track': 'reload' %>
     8:     <%= javascript_include_tag 'application', 'data-turbolinks-track': 'reload' %>
     9:   </head>
    10: 
    11:   <body>
  
app/assets/javascripts/application.js:14
app/views/layouts/application.html.erb:8:in `_app_views_layouts_application_html_erb__2732650969768211397_47120946277560'
  Rendering /usr/local/lib/ruby/gems/2.3.0/gems/actionpack-5.0.2/lib/action_dispatch/middleware/templates/rescues/template_error.html.erb within rescues/layout
  Rendering /usr/local/lib/ruby/gems/2.3.0/gems/actionpack-5.0.2/lib/action_dispatch/middleware/templates/rescues/_source.html.erb
  Rendered /usr/local/lib/ruby/gems/2.3.0/gems/actionpack-5.0.2/lib/action_dispatch/middleware/templates/rescues/_source.html.erb (3.8ms)
  Rendering /usr/local/lib/ruby/gems/2.3.0/gems/actionpack-5.0.2/lib/action_dispatch/middleware/templates/rescues/_trace.html.erb
  Rendered /usr/local/lib/ruby/gems/2.3.0/gems/actionpack-5.0.2/lib/action_dispatch/middleware/templates/rescues/_trace.html.erb (1.5ms)
  Rendering /usr/local/lib/ruby/gems/2.3.0/gems/actionpack-5.0.2/lib/action_dispatch/middleware/templates/rescues/_request_and_response.html.erb
  Rendered /usr/local/lib/ruby/gems/2.3.0/gems/actionpack-5.0.2/lib/action_dispatch/middleware/templates/rescues/_request_and_response.html.erb (0.6ms)
  Rendered /usr/local/lib/ruby/gems/2.3.0/gems/actionpack-5.0.2/lib/action_dispatch/middleware/templates/rescues/template_error.html.erb within rescues/layout (16.9ms)
Started GET "/users/sign_up" for 127.0.0.1 at 2017-04-16 18:22:15 +0200
Processing by Devise::RegistrationsController#new as HTML
  Rendering /usr/local/lib/ruby/gems/2.3.0/gems/devise-4.2.1/app/views/devise/registrations/new.html.erb within layouts/application
  Rendered /usr/local/lib/ruby/gems/2.3.0/gems/devise-4.2.1/app/views/devise/shared/_links.html.erb (0.9ms)
  Rendered /usr/local/lib/ruby/gems/2.3.0/gems/devise-4.2.1/app/views/devise/registrations/new.html.erb within layouts/application (3.2ms)
Completed 500 Internal Server Error in 13ms (ActiveRecord: 0.0ms)


  
ActionView::Template::Error (File to import not found or unreadable: bootstrap-sprockets.
Load paths:
  /home/zoneman/Code/kindergarden/Instadejs/app/assets/config
  /home/zoneman/Code/kindergarden/Instadejs/app/assets/images
  /home/zoneman/Code/kindergarden/Instadejs/app/assets/javascripts
  /home/zoneman/Code/kindergarden/Instadejs/app/assets/stylesheets
  /home/zoneman/Code/kindergarden/Instadejs/vendor/assets/javascripts
  /home/zoneman/Code/kindergarden/Instadejs/vendor/assets/stylesheets
  /usr/local/lib/ruby/gems/2.3.0/gems/jquery-rails-4.3.1/vendor/assets/javascripts
  /usr/local/lib/ruby/gems/2.3.0/gems/coffee-rails-4.2.1/lib/assets/javascripts
  /usr/local/lib/ruby/gems/2.3.0/gems/actioncable-5.0.2/lib/assets/compiled
  /usr/local/lib/ruby/gems/2.3.0/gems/turbolinks-source-5.0.0/lib/assets/javascripts):
    4:     <title>Instadejs</title>
    5:     <%= csrf_meta_tags %>
    6: 
    7:     <%= stylesheet_link_tag    'application', media: 'all', 'data-turbolinks-track': 'reload' %>
    8:     <%= javascript_include_tag 'application', 'data-turbolinks-track': 'reload' %>
    9:   </head>
   10: 
  
app/assets/stylesheets/application.scss:17
app/views/layouts/application.html.erb:7:in `_app_views_layouts_application_html_erb__2732650969768211397_47120940249580'
  Rendering /usr/local/lib/ruby/gems/2.3.0/gems/actionpack-5.0.2/lib/action_dispatch/middleware/templates/rescues/template_error.html.erb within rescues/layout
  Rendering /usr/local/lib/ruby/gems/2.3.0/gems/actionpack-5.0.2/lib/action_dispatch/middleware/templates/rescues/_source.html.erb
  Rendered /usr/local/lib/ruby/gems/2.3.0/gems/actionpack-5.0.2/lib/action_dispatch/middleware/templates/rescues/_source.html.erb (3.6ms)
  Rendering /usr/local/lib/ruby/gems/2.3.0/gems/actionpack-5.0.2/lib/action_dispatch/middleware/templates/rescues/_trace.html.erb
  Rendered /usr/local/lib/ruby/gems/2.3.0/gems/actionpack-5.0.2/lib/action_dispatch/middleware/templates/rescues/_trace.html.erb (1.4ms)
  Rendering /usr/local/lib/ruby/gems/2.3.0/gems/actionpack-5.0.2/lib/action_dispatch/middleware/templates/rescues/_request_and_response.html.erb
  Rendered /usr/local/lib/ruby/gems/2.3.0/gems/actionpack-5.0.2/lib/action_dispatch/middleware/templates/rescues/_request_and_response.html.erb (0.5ms)
  Rendered /usr/local/lib/ruby/gems/2.3.0/gems/actionpack-5.0.2/lib/action_dispatch/middleware/templates/rescues/template_error.html.erb within rescues/layout (15.8ms)
Started GET "/users/sign_up" for 127.0.0.1 at 2017-04-16 18:22:15 +0200
Processing by Devise::RegistrationsController#new as HTML
  Rendering /usr/local/lib/ruby/gems/2.3.0/gems/devise-4.2.1/app/views/devise/registrations/new.html.erb within layouts/application
  Rendered /usr/local/lib/ruby/gems/2.3.0/gems/devise-4.2.1/app/views/devise/shared/_links.html.erb (0.6ms)
  Rendered /usr/local/lib/ruby/gems/2.3.0/gems/devise-4.2.1/app/views/devise/registrations/new.html.erb within layouts/application (2.8ms)
Completed 500 Internal Server Error in 17ms (ActiveRecord: 0.0ms)


  
ActionView::Template::Error (File to import not found or unreadable: bootstrap-sprockets.
Load paths:
  /home/zoneman/Code/kindergarden/Instadejs/app/assets/config
  /home/zoneman/Code/kindergarden/Instadejs/app/assets/images
  /home/zoneman/Code/kindergarden/Instadejs/app/assets/javascripts
  /home/zoneman/Code/kindergarden/Instadejs/app/assets/stylesheets
  /home/zoneman/Code/kindergarden/Instadejs/vendor/assets/javascripts
  /home/zoneman/Code/kindergarden/Instadejs/vendor/assets/stylesheets
  /usr/local/lib/ruby/gems/2.3.0/gems/jquery-rails-4.3.1/vendor/assets/javascripts
  /usr/local/lib/ruby/gems/2.3.0/gems/coffee-rails-4.2.1/lib/assets/javascripts
  /usr/local/lib/ruby/gems/2.3.0/gems/actioncable-5.0.2/lib/assets/compiled
  /usr/local/lib/ruby/gems/2.3.0/gems/turbolinks-source-5.0.0/lib/assets/javascripts):
    4:     <title>Instadejs</title>
    5:     <%= csrf_meta_tags %>
    6: 
    7:     <%= stylesheet_link_tag    'application', media: 'all', 'data-turbolinks-track': 'reload' %>
    8:     <%= javascript_include_tag 'application', 'data-turbolinks-track': 'reload' %>
    9:   </head>
   10: 
  
app/assets/stylesheets/application.scss:17
app/views/layouts/application.html.erb:7:in `_app_views_layouts_application_html_erb__2732650969768211397_70201242202080'
  Rendering /usr/local/lib/ruby/gems/2.3.0/gems/actionpack-5.0.2/lib/action_dispatch/middleware/templates/rescues/template_error.html.erb within rescues/layout
  Rendering /usr/local/lib/ruby/gems/2.3.0/gems/actionpack-5.0.2/lib/action_dispatch/middleware/templates/rescues/_source.html.erb
  Rendered /usr/local/lib/ruby/gems/2.3.0/gems/actionpack-5.0.2/lib/action_dispatch/middleware/templates/rescues/_source.html.erb (3.8ms)
  Rendering /usr/local/lib/ruby/gems/2.3.0/gems/actionpack-5.0.2/lib/action_dispatch/middleware/templates/rescues/_trace.html.erb
  Rendered /usr/local/lib/ruby/gems/2.3.0/gems/actionpack-5.0.2/lib/action_dispatch/middleware/templates/rescues/_trace.html.erb (1.4ms)
  Rendering /usr/local/lib/ruby/gems/2.3.0/gems/actionpack-5.0.2/lib/action_dispatch/middleware/templates/rescues/_request_and_response.html.erb
  Rendered /usr/local/lib/ruby/gems/2.3.0/gems/actionpack-5.0.2/lib/action_dispatch/middleware/templates/rescues/_request_and_response.html.erb (0.5ms)
  Rendered /usr/local/lib/ruby/gems/2.3.0/gems/actionpack-5.0.2/lib/action_dispatch/middleware/templates/rescues/template_error.html.erb within rescues/layout (16.4ms)
Started GET "/users/sign_up" for 127.0.0.1 at 2017-04-16 18:22:16 +0200
Processing by Devise::RegistrationsController#new as HTML
  Rendering /usr/local/lib/ruby/gems/2.3.0/gems/devise-4.2.1/app/views/devise/registrations/new.html.erb within layouts/application
  Rendered /usr/local/lib/ruby/gems/2.3.0/gems/devise-4.2.1/app/views/devise/shared/_links.html.erb (3.5ms)
  Rendered /usr/local/lib/ruby/gems/2.3.0/gems/devise-4.2.1/app/views/devise/registrations/new.html.erb within layouts/application (6.0ms)
Completed 500 Internal Server Error in 15ms (ActiveRecord: 0.0ms)


  
ActionView::Template::Error (File to import not found or unreadable: bootstrap-sprockets.
Load paths:
  /home/zoneman/Code/kindergarden/Instadejs/app/assets/config
  /home/zoneman/Code/kindergarden/Instadejs/app/assets/images
  /home/zoneman/Code/kindergarden/Instadejs/app/assets/javascripts
  /home/zoneman/Code/kindergarden/Instadejs/app/assets/stylesheets
  /home/zoneman/Code/kindergarden/Instadejs/vendor/assets/javascripts
  /home/zoneman/Code/kindergarden/Instadejs/vendor/assets/stylesheets
  /usr/local/lib/ruby/gems/2.3.0/gems/jquery-rails-4.3.1/vendor/assets/javascripts
  /usr/local/lib/ruby/gems/2.3.0/gems/coffee-rails-4.2.1/lib/assets/javascripts
  /usr/local/lib/ruby/gems/2.3.0/gems/actioncable-5.0.2/lib/assets/compiled
  /usr/local/lib/ruby/gems/2.3.0/gems/turbolinks-source-5.0.0/lib/assets/javascripts):
    4:     <title>Instadejs</title>
    5:     <%= csrf_meta_tags %>
    6: 
    7:     <%= stylesheet_link_tag    'application', media: 'all', 'data-turbolinks-track': 'reload' %>
    8:     <%= javascript_include_tag 'application', 'data-turbolinks-track': 'reload' %>
    9:   </head>
   10: 
  
app/assets/stylesheets/application.scss:17
app/views/layouts/application.html.erb:7:in `_app_views_layouts_application_html_erb__2732650969768211397_70201244132160'
  Rendering /usr/local/lib/ruby/gems/2.3.0/gems/actionpack-5.0.2/lib/action_dispatch/middleware/templates/rescues/template_error.html.erb within rescues/layout
  Rendering /usr/local/lib/ruby/gems/2.3.0/gems/actionpack-5.0.2/lib/action_dispatch/middleware/templates/rescues/_source.html.erb
  Rendered /usr/local/lib/ruby/gems/2.3.0/gems/actionpack-5.0.2/lib/action_dispatch/middleware/templates/rescues/_source.html.erb (3.9ms)
  Rendering /usr/local/lib/ruby/gems/2.3.0/gems/actionpack-5.0.2/lib/action_dispatch/middleware/templates/rescues/_trace.html.erb
  Rendered /usr/local/lib/ruby/gems/2.3.0/gems/actionpack-5.0.2/lib/action_dispatch/middleware/templates/rescues/_trace.html.erb (1.7ms)
  Rendering /usr/local/lib/ruby/gems/2.3.0/gems/actionpack-5.0.2/lib/action_dispatch/middleware/templates/rescues/_request_and_response.html.erb
  Rendered /usr/local/lib/ruby/gems/2.3.0/gems/actionpack-5.0.2/lib/action_dispatch/middleware/templates/rescues/_request_and_response.html.erb (0.5ms)
  Rendered /usr/local/lib/ruby/gems/2.3.0/gems/actionpack-5.0.2/lib/action_dispatch/middleware/templates/rescues/template_error.html.erb within rescues/layout (17.3ms)
Started GET "/users/sign_up" for 127.0.0.1 at 2017-04-16 18:22:45 +0200
  [1m[36mActiveRecord::SchemaMigration Load (0.1ms)[0m  [1m[34mSELECT "schema_migrations".* FROM "schema_migrations"[0m
Processing by Devise::RegistrationsController#new as HTML
  Rendering /usr/local/lib/ruby/gems/2.3.0/gems/devise-4.2.1/app/views/devise/registrations/new.html.erb within layouts/application
  Rendered /usr/local/lib/ruby/gems/2.3.0/gems/devise-4.2.1/app/views/devise/shared/_links.html.erb (1.2ms)
  Rendered /usr/local/lib/ruby/gems/2.3.0/gems/devise-4.2.1/app/views/devise/registrations/new.html.erb within layouts/application (20.0ms)
Completed 200 OK in 3377ms (Views: 3358.4ms | ActiveRecord: 0.5ms)


Started GET "/users/sign_up" for 127.0.0.1 at 2017-04-16 18:22:49 +0200
Processing by Devise::RegistrationsController#new as HTML
  Rendering /usr/local/lib/ruby/gems/2.3.0/gems/devise-4.2.1/app/views/devise/registrations/new.html.erb within layouts/application
  Rendered /usr/local/lib/ruby/gems/2.3.0/gems/devise-4.2.1/app/views/devise/shared/_links.html.erb (6.5ms)
  Rendered /usr/local/lib/ruby/gems/2.3.0/gems/devise-4.2.1/app/views/devise/registrations/new.html.erb within layouts/application (9.7ms)
Completed 200 OK in 47ms (Views: 45.7ms | ActiveRecord: 0.0ms)


